[10:39:55] [Client thread/INFO]: Setting user: Player507
[10:39:57] [Client thread/INFO]: LWJGL Version: 2.9.4
[10:40:00] [Client thread/INFO]: Reloading ResourceManager: Default, FMLFileResourcePack:Forge Mod Loader, FMLFileResourcePack:Minecraft Forge, FMLFileResourcePack:Example Mod
[10:40:00] [Sound Library Loader/INFO]: Starting up SoundSystem...
[10:40:01] [Thread-8/INFO]: Initializing LWJGL OpenAL
[10:40:01] [Thread-8/INFO]: (The LWJGL binding of OpenAL.  For more information, see http://www.lwjgl.org)
[10:40:01] [Thread-8/INFO]: OpenAL initialized.
[10:40:01] [Sound Library Loader/INFO]: Sound engine started
[10:40:04] [Client thread/INFO]: Created: 16x16 textures-atlas
[10:40:05] [Client thread/INFO]: Reloading ResourceManager: Default, FMLFileResourcePack:Forge Mod Loader, FMLFileResourcePack:Minecraft Forge, FMLFileResourcePack:Example Mod
[10:40:05] [Client thread/INFO]: SoundSystem shutting down...
[10:40:05] [Client thread/WARN]: Author: Paul Lamb, www.paulscode.com
[10:40:05] [Sound Library Loader/INFO]: Starting up SoundSystem...
[10:40:05] [Thread-10/INFO]: Initializing LWJGL OpenAL
[10:40:05] [Thread-10/INFO]: (The LWJGL binding of OpenAL.  For more information, see http://www.lwjgl.org)
[10:40:05] [Thread-10/INFO]: OpenAL initialized.
[10:40:06] [Sound Library Loader/INFO]: Sound engine started
[10:40:09] [Client thread/INFO]: Created: 512x512 textures-atlas
[10:40:18] [Server thread/INFO]: Starting integrated minecraft server version 1.8.9
[10:40:18] [Server thread/INFO]: Generating keypair
[10:40:19] [Server thread/INFO]: Converting map!
[10:40:19] [Server thread/INFO]: Scanning folders...
[10:40:19] [Server thread/INFO]: Total conversion count is 0
[10:40:19] [Server thread/INFO]: Preparing start region for level 0
[10:40:20] [Server thread/INFO]: Preparing spawn area: 18%
[10:40:21] [Server thread/INFO]: Preparing spawn area: 44%
[10:40:22] [Server thread/INFO]: Preparing spawn area: 69%
[10:40:23] [Server thread/INFO]: Preparing spawn area: 95%
[10:40:23] [Server thread/INFO]: Changing view distance to 12, from 10
[10:40:24] [Server thread/INFO]: Player507[local:E:4174edf5] logged in with entity id 205 at (49.5, 67.0, 237.5)
[10:40:24] [Server thread/INFO]: Player507 joined the game
[10:40:25] [pool-2-thread-1/WARN]: Couldn't look up profile properties for com.mojang.authlib.GameProfile@6089e783[id=4ac636a7-c339-3f88-8804-04d8e971bf80,name=Player507,properties={},legacy=false]
com.mojang.authlib.exceptions.AuthenticationException: The client has sent too many requests within a certain amount of time
	at com.mojang.authlib.yggdrasil.YggdrasilAuthenticationService.makeRequest(YggdrasilAuthenticationService.java:65) ~[YggdrasilAuthenticationService.class:?]
	at com.mojang.authlib.yggdrasil.YggdrasilMinecraftSessionService.fillGameProfile(YggdrasilMinecraftSessionService.java:175) [YggdrasilMinecraftSessionService.class:?]
	at com.mojang.authlib.yggdrasil.YggdrasilMinecraftSessionService$1.load(YggdrasilMinecraftSessionService.java:59) [YggdrasilMinecraftSessionService$1.class:?]
	at com.mojang.authlib.yggdrasil.YggdrasilMinecraftSessionService$1.load(YggdrasilMinecraftSessionService.java:56) [YggdrasilMinecraftSessionService$1.class:?]
	at com.google.common.cache.LocalCache$LoadingValueReference.loadFuture(LocalCache.java:3524) [guava-17.0.jar:?]
	at com.google.common.cache.LocalCache$Segment.loadSync(LocalCache.java:2317) [guava-17.0.jar:?]
	at com.google.common.cache.LocalCache$Segment.lockedGetOrLoad(LocalCache.java:2280) [guava-17.0.jar:?]
	at com.google.common.cache.LocalCache$Segment.get(LocalCache.java:2195) [guava-17.0.jar:?]
	at com.google.common.cache.LocalCache.get(LocalCache.java:3934) [guava-17.0.jar:?]
	at com.google.common.cache.LocalCache.getOrLoad(LocalCache.java:3938) [guava-17.0.jar:?]
	at com.google.common.cache.LocalCache$LocalLoadingCache.get(LocalCache.java:4821) [guava-17.0.jar:?]
	at com.google.common.cache.LocalCache$LocalLoadingCache.getUnchecked(LocalCache.java:4827) [guava-17.0.jar:?]
	at com.mojang.authlib.yggdrasil.YggdrasilMinecraftSessionService.fillProfileProperties(YggdrasilMinecraftSessionService.java:165) [YggdrasilMinecraftSessionService.class:?]
	at net.minecraft.client.Minecraft.func_181037_M(Minecraft.java:2915) [Minecraft.class:?]
	at net.minecraft.client.resources.SkinManager$3.run(SkinManager.java:130) [SkinManager$3.class:?]
	at java.util.concurrent.Executors$RunnableAdapter.call(Executors.java:511) [?:1.8.0_151]
	at java.util.concurrent.FutureTask.run(FutureTask.java:266) [?:1.8.0_151]
	at java.util.concurrent.ThreadPoolExecutor.runWorker(ThreadPoolExecutor.java:1149) [?:1.8.0_151]
	at java.util.concurrent.ThreadPoolExecutor$Worker.run(ThreadPoolExecutor.java:624) [?:1.8.0_151]
	at java.lang.Thread.run(Thread.java:748) [?:1.8.0_151]
[10:40:46] [Server thread/INFO]: <Player507> y
[10:40:46] [Client thread/INFO]: [CHAT] <Player507> y
[10:41:04] [Server thread/INFO]: Saving and pausing game...
[10:41:04] [Server thread/INFO]: Saving chunks for level 'New World'/Overworld
[10:41:04] [Server thread/INFO]: Saving chunks for level 'New World'/Nether
[10:41:04] [Server thread/INFO]: Saving chunks for level 'New World'/The End
[10:41:06] [Server thread/INFO]: Saving and pausing game...
[10:41:06] [Server thread/INFO]: Saving chunks for level 'New World'/Overworld
[10:41:06] [Server thread/INFO]: Saving chunks for level 'New World'/Nether
[10:41:06] [Server thread/INFO]: Saving chunks for level 'New World'/The End
[10:41:08] [Server thread/INFO]: Saving and pausing game...
[10:41:08] [Server thread/INFO]: Saving chunks for level 'New World'/Overworld
[10:41:08] [Server thread/INFO]: Saving chunks for level 'New World'/Nether
[10:41:08] [Server thread/INFO]: Saving chunks for level 'New World'/The End
[10:41:10] [Server thread/INFO]: Stopping server
[10:41:10] [Server thread/INFO]: Saving players
[10:41:10] [Server thread/INFO]: Saving worlds
[10:41:10] [Server thread/INFO]: Saving chunks for level 'New World'/Overworld
[10:41:10] [Server thread/INFO]: Saving chunks for level 'New World'/Nether
[10:41:10] [Server thread/INFO]: Saving chunks for level 'New World'/The End
[10:41:11] [Client thread/INFO]: Stopping!
[10:41:11] [Client thread/INFO]: SoundSystem shutting down...
[10:41:12] [Client thread/WARN]: Author: Paul Lamb, www.paulscode.com
